<?xml version="1.0" encoding="UTF-8"?>
<!-- Generated by org.testng.reporters.JUnitReportReporter -->
<testsuite hostname="DESKTOP-DRA4S2N" failures="0" tests="1" name="runnerfiles.TestRunner" time="38.715" errors="0" timestamp="2021-12-14T23:33:54 IST" skipped="0">
  <testcase classname="runnerfiles.TestRunner" name="runScenario" time="38.715"/>
</testsuite> <!-- runnerfiles.TestRunner -->
